<?xml version="1.0" encoding="UTF-8"?>
<!-- Generated by org.testng.reporters.JUnitXMLReporter -->
<testsuite hostname="LTAUS00092" name="Default test" tests="6" failures="0" timestamp="8 Jun 2018 01:42:01 GMT" time="149.348" errors="0">
  <testcase name="testHomePageCarouselSliderNextFunction" time="2.111" classname="UI.HomePageUITests"/>
  <testcase name="testHomePageCarouselSliderPauseFunction" time="12.702" classname="UI.HomePageUITests"/>
  <testcase name="testHomePageCategoryDropDownNavigation" time="7.755" classname="UI.HomePageUITests"/>
  <testcase name="testHomePageCategoryDropDownToggle" time="0.862" classname="UI.HomePageUITests"/>
  <testcase name="testHomePageHoverDropDownNavigation" time="7.581" classname="UI.HomePageUITests"/>
  <testcase name="testHomePageHoverDropDownToggle" time="4.095" classname="UI.HomePageUITests"/>
</testsuite> <!-- Default test -->
