<?xml version="1.0" encoding="UTF-8"?>
<!-- Generated by org.testng.reporters.JUnitXMLReporter -->
<testsuite hostname="CTSAUS-LT-535" name="Default test" tests="5" failures="0" timestamp="2 Jun 2018 08:57:11 GMT" time="46.577" errors="0">
  <testcase name="TC_SB_001" time="4.328" classname="searchBar.SearchBarTest"/>
  <testcase name="TC_SB_002" time="4.53" classname="searchBar.SearchBarTest"/>
  <testcase name="TC_SB_003" time="3.34" classname="searchBar.SearchBarTest"/>
  <testcase name="TC_SB_004" time="7.065" classname="searchBar.SearchBarTest"/>
  <testcase name="TC_SB_005" time="6.767" classname="searchBar.SearchBarTest"/>
</testsuite> <!-- Default test -->
